2019-07-02 16:40:31,074 [INFO ] org.springframework.boot.test.context.SpringBootTestContextBootstrapper  : Neither @ContextConfiguration nor @ContextHierarchy found for test class [com.xiayu.course.CourseApplicationTests], using SpringBootContextLoader
2019-07-02 16:40:31,086 [INFO ] org.springframework.test.context.support.AbstractContextLoader  : Could not detect default resource locations for test class [com.xiayu.course.CourseApplicationTests]: no resource found for suffixes {-context.xml, Context.groovy}.
2019-07-02 16:40:31,087 [INFO ] org.springframework.test.context.support.AnnotationConfigContextLoaderUtils  : Could not detect default configuration classes for test class [com.xiayu.course.CourseApplicationTests]: CourseApplicationTests does not declare any static, non-private, non-final, nested classes annotated with @Configuration.
2019-07-02 16:40:31,207 [INFO ] org.springframework.boot.test.context.SpringBootTestContextBootstrapper  : Found @SpringBootConfiguration com.xiayu.XiaYuApplication for test class com.xiayu.course.CourseApplicationTests
2019-07-02 16:40:31,339 [INFO ] org.springframework.boot.test.context.SpringBootTestContextBootstrapper  : Loaded default TestExecutionListener class names from location [META-INF/spring.factories]: [org.springframework.boot.test.mock.mockito.MockitoTestExecutionListener, org.springframework.boot.test.mock.mockito.ResetMocksTestExecutionListener, org.springframework.boot.test.autoconfigure.restdocs.RestDocsTestExecutionListener, org.springframework.boot.test.autoconfigure.web.client.MockRestServiceServerResetTestExecutionListener, org.springframework.boot.test.autoconfigure.web.servlet.MockMvcPrintOnlyOnFailureTestExecutionListener, org.springframework.boot.test.autoconfigure.web.servlet.WebDriverTestExecutionListener, org.springframework.test.context.web.ServletTestExecutionListener, org.springframework.test.context.support.DirtiesContextBeforeModesTestExecutionListener, org.springframework.test.context.support.DependencyInjectionTestExecutionListener, org.springframework.test.context.support.DirtiesContextTestExecutionListener, org.springframework.test.context.transaction.TransactionalTestExecutionListener, org.springframework.test.context.jdbc.SqlScriptsTestExecutionListener]
2019-07-02 16:40:31,365 [INFO ] org.springframework.boot.test.context.SpringBootTestContextBootstrapper  : Using TestExecutionListeners: [org.springframework.test.context.web.ServletTestExecutionListener@7fd4acee, org.springframework.test.context.support.DirtiesContextBeforeModesTestExecutionListener@165b8a71, org.springframework.boot.test.mock.mockito.MockitoTestExecutionListener@6175619b, org.springframework.boot.test.autoconfigure.SpringBootDependencyInjectionTestExecutionListener@2f058b8a, org.springframework.test.context.support.DirtiesContextTestExecutionListener@756cf158, org.springframework.test.context.transaction.TransactionalTestExecutionListener@3f2ef586, org.springframework.test.context.jdbc.SqlScriptsTestExecutionListener@751d3241, org.springframework.boot.test.mock.mockito.ResetMocksTestExecutionListener@76c7beb3, org.springframework.boot.test.autoconfigure.restdocs.RestDocsTestExecutionListener@64337702, org.springframework.boot.test.autoconfigure.web.client.MockRestServiceServerResetTestExecutionListener@2cf92cc7, org.springframework.boot.test.autoconfigure.web.servlet.MockMvcPrintOnlyOnFailureTestExecutionListener@30ea8c23, org.springframework.boot.test.autoconfigure.web.servlet.WebDriverTestExecutionListener@7b139eab]
2019-07-02 16:40:31,657 [INFO ] com.xiayu.course.CourseApplicationTests  : Starting CourseApplicationTests on 20160903-134321 with PID 18044 (started by hello in E:\code\course)
2019-07-02 16:40:31,661 [INFO ] com.xiayu.course.CourseApplicationTests  : No active profile set, falling back to default profiles: default
2019-07-02 16:40:32,684 [INFO ] org.springframework.data.repository.config.RepositoryConfigurationDelegate  : Bootstrapping Spring Data repositories in DEFAULT mode.
2019-07-02 16:40:32,862 [INFO ] org.springframework.data.repository.config.RepositoryConfigurationDelegate  : Finished Spring Data repository scanning in 168ms. Found 23 repository interfaces.
2019-07-02 16:40:33,368 [INFO ] org.springframework.context.support.PostProcessorRegistrationDelegate$BeanPostProcessorChecker  : Bean 'org.springframework.transaction.annotation.ProxyTransactionManagementConfiguration' of type [org.springframework.transaction.annotation.ProxyTransactionManagementConfiguration$$EnhancerBySpringCGLIB$$e06e4f1d] is not eligible for getting processed by all BeanPostProcessors (for example: not eligible for auto-proxying)
2019-07-02 16:40:33,906 [INFO ] com.alibaba.druid.pool.DruidDataSource  : {dataSource-1} inited
2019-07-02 16:40:34,094 [INFO ] org.hibernate.jpa.internal.util.LogHelper  : HHH000204: Processing PersistenceUnitInfo [
	name: default
	...]
2019-07-02 16:40:34,192 [INFO ] org.hibernate.Version  : HHH000412: Hibernate Core {5.3.10.Final}
2019-07-02 16:40:34,194 [INFO ] org.hibernate.cfg.Environment  : HHH000206: hibernate.properties not found
2019-07-02 16:40:34,389 [INFO ] org.hibernate.annotations.common.Version  : HCANN000001: Hibernate Commons Annotations {5.0.4.Final}
2019-07-02 16:40:34,665 [INFO ] org.hibernate.dialect.Dialect  : HHH000400: Using dialect: org.hibernate.dialect.MySQL5Dialect
2019-07-02 16:40:34,702 [INFO ] org.hibernate.engine.jdbc.env.internal.LobCreatorBuilderImpl  : HHH000423: Disabling contextual LOB creation as JDBC driver reported JDBC version [3] less than 4
2019-07-02 16:40:35,893 [INFO ] org.springframework.orm.jpa.LocalContainerEntityManagerFactoryBean  : Initialized JPA EntityManagerFactory for persistence unit 'default'
2019-07-02 16:40:37,817 [INFO ] org.springframework.scheduling.concurrent.ThreadPoolTaskExecutor  : Initializing ExecutorService 'applicationTaskExecutor'
2019-07-02 16:40:38,584 [INFO ] com.xiayu.course.CourseApplicationTests  : Started CourseApplicationTests in 7.141 seconds (JVM running for 9.069)
2019-07-02 16:41:07,286 [WARN ] org.hibernate.engine.jdbc.spi.SqlExceptionHelper  : SQL Error: 1062, SQLState: 23000
2019-07-02 16:41:07,286 [ERROR] org.hibernate.engine.jdbc.spi.SqlExceptionHelper  : Duplicate entry '23222332' for key 'PRIMARY'
2019-07-02 16:41:07,289 [ERROR] org.hibernate.internal.ExceptionMapperStandardImpl  : HHH000346: Error during managed flush [org.hibernate.exception.ConstraintViolationException: could not execute statement]
2019-07-02 16:41:07,327 [INFO ] org.springframework.scheduling.concurrent.ThreadPoolTaskExecutor  : Shutting down ExecutorService 'applicationTaskExecutor'
2019-07-02 16:41:07,333 [INFO ] org.springframework.orm.jpa.LocalContainerEntityManagerFactoryBean  : Closing JPA EntityManagerFactory for persistence unit 'default'
2019-07-02 16:41:07,341 [INFO ] com.alibaba.druid.pool.DruidDataSource  : {dataSource-1} closed
2019-07-02 16:43:31,301 [INFO ] org.springframework.boot.test.context.SpringBootTestContextBootstrapper  : Neither @ContextConfiguration nor @ContextHierarchy found for test class [com.xiayu.course.CourseApplicationTests], using SpringBootContextLoader
2019-07-02 16:43:31,314 [INFO ] org.springframework.test.context.support.AbstractContextLoader  : Could not detect default resource locations for test class [com.xiayu.course.CourseApplicationTests]: no resource found for suffixes {-context.xml, Context.groovy}.
2019-07-02 16:43:31,315 [INFO ] org.springframework.test.context.support.AnnotationConfigContextLoaderUtils  : Could not detect default configuration classes for test class [com.xiayu.course.CourseApplicationTests]: CourseApplicationTests does not declare any static, non-private, non-final, nested classes annotated with @Configuration.
2019-07-02 16:43:31,488 [INFO ] org.springframework.boot.test.context.SpringBootTestContextBootstrapper  : Found @SpringBootConfiguration com.xiayu.XiaYuApplication for test class com.xiayu.course.CourseApplicationTests
2019-07-02 16:43:31,640 [INFO ] org.springframework.boot.test.context.SpringBootTestContextBootstrapper  : Loaded default TestExecutionListener class names from location [META-INF/spring.factories]: [org.springframework.boot.test.mock.mockito.MockitoTestExecutionListener, org.springframework.boot.test.mock.mockito.ResetMocksTestExecutionListener, org.springframework.boot.test.autoconfigure.restdocs.RestDocsTestExecutionListener, org.springframework.boot.test.autoconfigure.web.client.MockRestServiceServerResetTestExecutionListener, org.springframework.boot.test.autoconfigure.web.servlet.MockMvcPrintOnlyOnFailureTestExecutionListener, org.springframework.boot.test.autoconfigure.web.servlet.WebDriverTestExecutionListener, org.springframework.test.context.web.ServletTestExecutionListener, org.springframework.test.context.support.DirtiesContextBeforeModesTestExecutionListener, org.springframework.test.context.support.DependencyInjectionTestExecutionListener, org.springframework.test.context.support.DirtiesContextTestExecutionListener, org.springframework.test.context.transaction.TransactionalTestExecutionListener, org.springframework.test.context.jdbc.SqlScriptsTestExecutionListener]
2019-07-02 16:43:31,703 [INFO ] org.springframework.boot.test.context.SpringBootTestContextBootstrapper  : Using TestExecutionListeners: [org.springframework.test.context.web.ServletTestExecutionListener@183ec003, org.springframework.test.context.support.DirtiesContextBeforeModesTestExecutionListener@7d9d0818, org.springframework.boot.test.mock.mockito.MockitoTestExecutionListener@221a3fa4, org.springframework.boot.test.autoconfigure.SpringBootDependencyInjectionTestExecutionListener@451001e5, org.springframework.test.context.support.DirtiesContextTestExecutionListener@2b40ff9c, org.springframework.test.context.transaction.TransactionalTestExecutionListener@3e08ff24, org.springframework.test.context.jdbc.SqlScriptsTestExecutionListener@4d1c005e, org.springframework.boot.test.mock.mockito.ResetMocksTestExecutionListener@8462f31, org.springframework.boot.test.autoconfigure.restdocs.RestDocsTestExecutionListener@24569dba, org.springframework.boot.test.autoconfigure.web.client.MockRestServiceServerResetTestExecutionListener@5ddeb7cb, org.springframework.boot.test.autoconfigure.web.servlet.MockMvcPrintOnlyOnFailureTestExecutionListener@70ed52de, org.springframework.boot.test.autoconfigure.web.servlet.WebDriverTestExecutionListener@496bc455]
2019-07-02 16:43:31,933 [INFO ] com.xiayu.course.CourseApplicationTests  : Starting CourseApplicationTests on 20160903-134321 with PID 14032 (started by hello in E:\code\course)
2019-07-02 16:43:31,934 [INFO ] com.xiayu.course.CourseApplicationTests  : No active profile set, falling back to default profiles: default
2019-07-02 16:43:32,769 [INFO ] org.springframework.data.repository.config.RepositoryConfigurationDelegate  : Bootstrapping Spring Data repositories in DEFAULT mode.
2019-07-02 16:43:32,918 [INFO ] org.springframework.data.repository.config.RepositoryConfigurationDelegate  : Finished Spring Data repository scanning in 139ms. Found 23 repository interfaces.
2019-07-02 16:43:33,330 [INFO ] org.springframework.context.support.PostProcessorRegistrationDelegate$BeanPostProcessorChecker  : Bean 'org.springframework.transaction.annotation.ProxyTransactionManagementConfiguration' of type [org.springframework.transaction.annotation.ProxyTransactionManagementConfiguration$$EnhancerBySpringCGLIB$$d6ce6826] is not eligible for getting processed by all BeanPostProcessors (for example: not eligible for auto-proxying)
2019-07-02 16:43:33,710 [INFO ] com.alibaba.druid.pool.DruidDataSource  : {dataSource-1} inited
2019-07-02 16:43:33,879 [INFO ] org.hibernate.jpa.internal.util.LogHelper  : HHH000204: Processing PersistenceUnitInfo [
	name: default
	...]
2019-07-02 16:43:33,961 [INFO ] org.hibernate.Version  : HHH000412: Hibernate Core {5.3.10.Final}
2019-07-02 16:43:33,963 [INFO ] org.hibernate.cfg.Environment  : HHH000206: hibernate.properties not found
2019-07-02 16:43:34,142 [INFO ] org.hibernate.annotations.common.Version  : HCANN000001: Hibernate Commons Annotations {5.0.4.Final}
2019-07-02 16:43:34,364 [INFO ] org.hibernate.dialect.Dialect  : HHH000400: Using dialect: org.hibernate.dialect.MySQL5Dialect
2019-07-02 16:43:34,395 [INFO ] org.hibernate.engine.jdbc.env.internal.LobCreatorBuilderImpl  : HHH000423: Disabling contextual LOB creation as JDBC driver reported JDBC version [3] less than 4
2019-07-02 16:43:35,489 [INFO ] org.springframework.orm.jpa.LocalContainerEntityManagerFactoryBean  : Initialized JPA EntityManagerFactory for persistence unit 'default'
2019-07-02 16:43:37,036 [INFO ] org.springframework.scheduling.concurrent.ThreadPoolTaskExecutor  : Initializing ExecutorService 'applicationTaskExecutor'
2019-07-02 16:43:37,588 [INFO ] com.xiayu.course.CourseApplicationTests  : Started CourseApplicationTests in 5.828 seconds (JVM running for 7.594)
2019-07-02 16:43:37,735 [WARN ] org.hibernate.engine.jdbc.spi.SqlExceptionHelper  : SQL Error: 1062, SQLState: 23000
2019-07-02 16:43:37,735 [ERROR] org.hibernate.engine.jdbc.spi.SqlExceptionHelper  : Duplicate entry '23222332' for key 'PRIMARY'
2019-07-02 16:43:37,737 [ERROR] org.hibernate.internal.ExceptionMapperStandardImpl  : HHH000346: Error during managed flush [org.hibernate.exception.ConstraintViolationException: could not execute statement]
2019-07-02 16:43:37,758 [INFO ] org.springframework.scheduling.concurrent.ThreadPoolTaskExecutor  : Shutting down ExecutorService 'applicationTaskExecutor'
2019-07-02 16:43:37,764 [INFO ] org.springframework.orm.jpa.LocalContainerEntityManagerFactoryBean  : Closing JPA EntityManagerFactory for persistence unit 'default'
2019-07-02 16:43:37,769 [INFO ] com.alibaba.druid.pool.DruidDataSource  : {dataSource-1} closed
2019-07-02 16:46:05,739 [INFO ] org.springframework.boot.test.context.SpringBootTestContextBootstrapper  : Neither @ContextConfiguration nor @ContextHierarchy found for test class [com.xiayu.course.CourseApplicationTests], using SpringBootContextLoader
2019-07-02 16:46:05,751 [INFO ] org.springframework.test.context.support.AbstractContextLoader  : Could not detect default resource locations for test class [com.xiayu.course.CourseApplicationTests]: no resource found for suffixes {-context.xml, Context.groovy}.
2019-07-02 16:46:05,751 [INFO ] org.springframework.test.context.support.AnnotationConfigContextLoaderUtils  : Could not detect default configuration classes for test class [com.xiayu.course.CourseApplicationTests]: CourseApplicationTests does not declare any static, non-private, non-final, nested classes annotated with @Configuration.
2019-07-02 16:46:05,853 [INFO ] org.springframework.boot.test.context.SpringBootTestContextBootstrapper  : Found @SpringBootConfiguration com.xiayu.XiaYuApplication for test class com.xiayu.course.CourseApplicationTests
2019-07-02 16:46:05,977 [INFO ] org.springframework.boot.test.context.SpringBootTestContextBootstrapper  : Loaded default TestExecutionListener class names from location [META-INF/spring.factories]: [org.springframework.boot.test.mock.mockito.MockitoTestExecutionListener, org.springframework.boot.test.mock.mockito.ResetMocksTestExecutionListener, org.springframework.boot.test.autoconfigure.restdocs.RestDocsTestExecutionListener, org.springframework.boot.test.autoconfigure.web.client.MockRestServiceServerResetTestExecutionListener, org.springframework.boot.test.autoconfigure.web.servlet.MockMvcPrintOnlyOnFailureTestExecutionListener, org.springframework.boot.test.autoconfigure.web.servlet.WebDriverTestExecutionListener, org.springframework.test.context.web.ServletTestExecutionListener, org.springframework.test.context.support.DirtiesContextBeforeModesTestExecutionListener, org.springframework.test.context.support.DependencyInjectionTestExecutionListener, org.springframework.test.context.support.DirtiesContextTestExecutionListener, org.springframework.test.context.transaction.TransactionalTestExecutionListener, org.springframework.test.context.jdbc.SqlScriptsTestExecutionListener]
2019-07-02 16:46:06,010 [INFO ] org.springframework.boot.test.context.SpringBootTestContextBootstrapper  : Using TestExecutionListeners: [org.springframework.test.context.web.ServletTestExecutionListener@221a3fa4, org.springframework.test.context.support.DirtiesContextBeforeModesTestExecutionListener@451001e5, org.springframework.boot.test.mock.mockito.MockitoTestExecutionListener@2b40ff9c, org.springframework.boot.test.autoconfigure.SpringBootDependencyInjectionTestExecutionListener@3e08ff24, org.springframework.test.context.support.DirtiesContextTestExecutionListener@4d1c005e, org.springframework.test.context.transaction.TransactionalTestExecutionListener@8462f31, org.springframework.test.context.jdbc.SqlScriptsTestExecutionListener@24569dba, org.springframework.boot.test.mock.mockito.ResetMocksTestExecutionListener@5ddeb7cb, org.springframework.boot.test.autoconfigure.restdocs.RestDocsTestExecutionListener@70ed52de, org.springframework.boot.test.autoconfigure.web.client.MockRestServiceServerResetTestExecutionListener@496bc455, org.springframework.boot.test.autoconfigure.web.servlet.MockMvcPrintOnlyOnFailureTestExecutionListener@59402b8f, org.springframework.boot.test.autoconfigure.web.servlet.WebDriverTestExecutionListener@7188af83]
2019-07-02 16:46:06,303 [INFO ] com.xiayu.course.CourseApplicationTests  : Starting CourseApplicationTests on 20160903-134321 with PID 14884 (started by hello in E:\code\course)
2019-07-02 16:46:06,304 [INFO ] com.xiayu.course.CourseApplicationTests  : No active profile set, falling back to default profiles: default
2019-07-02 16:46:07,684 [INFO ] org.springframework.data.repository.config.RepositoryConfigurationDelegate  : Bootstrapping Spring Data repositories in DEFAULT mode.
2019-07-02 16:46:07,833 [INFO ] org.springframework.data.repository.config.RepositoryConfigurationDelegate  : Finished Spring Data repository scanning in 141ms. Found 23 repository interfaces.
2019-07-02 16:46:08,227 [INFO ] org.springframework.context.support.PostProcessorRegistrationDelegate$BeanPostProcessorChecker  : Bean 'org.springframework.transaction.annotation.ProxyTransactionManagementConfiguration' of type [org.springframework.transaction.annotation.ProxyTransactionManagementConfiguration$$EnhancerBySpringCGLIB$$d531afb6] is not eligible for getting processed by all BeanPostProcessors (for example: not eligible for auto-proxying)
2019-07-02 16:46:08,634 [INFO ] com.alibaba.druid.pool.DruidDataSource  : {dataSource-1} inited
2019-07-02 16:46:08,792 [INFO ] org.hibernate.jpa.internal.util.LogHelper  : HHH000204: Processing PersistenceUnitInfo [
	name: default
	...]
2019-07-02 16:46:08,886 [INFO ] org.hibernate.Version  : HHH000412: Hibernate Core {5.3.10.Final}
2019-07-02 16:46:08,888 [INFO ] org.hibernate.cfg.Environment  : HHH000206: hibernate.properties not found
2019-07-02 16:46:09,065 [INFO ] org.hibernate.annotations.common.Version  : HCANN000001: Hibernate Commons Annotations {5.0.4.Final}
2019-07-02 16:46:09,313 [INFO ] org.hibernate.dialect.Dialect  : HHH000400: Using dialect: org.hibernate.dialect.MySQL5Dialect
2019-07-02 16:46:09,348 [INFO ] org.hibernate.engine.jdbc.env.internal.LobCreatorBuilderImpl  : HHH000423: Disabling contextual LOB creation as JDBC driver reported JDBC version [3] less than 4
2019-07-02 16:46:10,399 [INFO ] org.springframework.orm.jpa.LocalContainerEntityManagerFactoryBean  : Initialized JPA EntityManagerFactory for persistence unit 'default'
2019-07-02 16:46:12,055 [INFO ] org.springframework.scheduling.concurrent.ThreadPoolTaskExecutor  : Initializing ExecutorService 'applicationTaskExecutor'
2019-07-02 16:46:12,610 [INFO ] com.xiayu.course.CourseApplicationTests  : Started CourseApplicationTests in 6.523 seconds (JVM running for 7.876)
2019-07-02 16:46:12,802 [INFO ] org.springframework.scheduling.concurrent.ThreadPoolTaskExecutor  : Shutting down ExecutorService 'applicationTaskExecutor'
2019-07-02 16:46:12,807 [INFO ] org.springframework.orm.jpa.LocalContainerEntityManagerFactoryBean  : Closing JPA EntityManagerFactory for persistence unit 'default'
2019-07-02 16:46:12,813 [INFO ] com.alibaba.druid.pool.DruidDataSource  : {dataSource-1} closed
2019-07-02 16:49:27,665 [INFO ] org.springframework.boot.test.context.SpringBootTestContextBootstrapper  : Neither @ContextConfiguration nor @ContextHierarchy found for test class [com.xiayu.course.CourseApplicationTests], using SpringBootContextLoader
2019-07-02 16:49:27,674 [INFO ] org.springframework.test.context.support.AbstractContextLoader  : Could not detect default resource locations for test class [com.xiayu.course.CourseApplicationTests]: no resource found for suffixes {-context.xml, Context.groovy}.
2019-07-02 16:49:27,675 [INFO ] org.springframework.test.context.support.AnnotationConfigContextLoaderUtils  : Could not detect default configuration classes for test class [com.xiayu.course.CourseApplicationTests]: CourseApplicationTests does not declare any static, non-private, non-final, nested classes annotated with @Configuration.
2019-07-02 16:49:27,782 [INFO ] org.springframework.boot.test.context.SpringBootTestContextBootstrapper  : Found @SpringBootConfiguration com.xiayu.XiaYuApplication for test class com.xiayu.course.CourseApplicationTests
2019-07-02 16:49:27,901 [INFO ] org.springframework.boot.test.context.SpringBootTestContextBootstrapper  : Loaded default TestExecutionListener class names from location [META-INF/spring.factories]: [org.springframework.boot.test.mock.mockito.MockitoTestExecutionListener, org.springframework.boot.test.mock.mockito.ResetMocksTestExecutionListener, org.springframework.boot.test.autoconfigure.restdocs.RestDocsTestExecutionListener, org.springframework.boot.test.autoconfigure.web.client.MockRestServiceServerResetTestExecutionListener, org.springframework.boot.test.autoconfigure.web.servlet.MockMvcPrintOnlyOnFailureTestExecutionListener, org.springframework.boot.test.autoconfigure.web.servlet.WebDriverTestExecutionListener, org.springframework.test.context.web.ServletTestExecutionListener, org.springframework.test.context.support.DirtiesContextBeforeModesTestExecutionListener, org.springframework.test.context.support.DependencyInjectionTestExecutionListener, org.springframework.test.context.support.DirtiesContextTestExecutionListener, org.springframework.test.context.transaction.TransactionalTestExecutionListener, org.springframework.test.context.jdbc.SqlScriptsTestExecutionListener]
2019-07-02 16:49:27,944 [INFO ] org.springframework.boot.test.context.SpringBootTestContextBootstrapper  : Using TestExecutionListeners: [org.springframework.test.context.web.ServletTestExecutionListener@221a3fa4, org.springframework.test.context.support.DirtiesContextBeforeModesTestExecutionListener@451001e5, org.springframework.boot.test.mock.mockito.MockitoTestExecutionListener@2b40ff9c, org.springframework.boot.test.autoconfigure.SpringBootDependencyInjectionTestExecutionListener@3e08ff24, org.springframework.test.context.support.DirtiesContextTestExecutionListener@4d1c005e, org.springframework.test.context.transaction.TransactionalTestExecutionListener@8462f31, org.springframework.test.context.jdbc.SqlScriptsTestExecutionListener@24569dba, org.springframework.boot.test.mock.mockito.ResetMocksTestExecutionListener@5ddeb7cb, org.springframework.boot.test.autoconfigure.restdocs.RestDocsTestExecutionListener@70ed52de, org.springframework.boot.test.autoconfigure.web.client.MockRestServiceServerResetTestExecutionListener@496bc455, org.springframework.boot.test.autoconfigure.web.servlet.MockMvcPrintOnlyOnFailureTestExecutionListener@59402b8f, org.springframework.boot.test.autoconfigure.web.servlet.WebDriverTestExecutionListener@7188af83]
2019-07-02 16:49:28,209 [INFO ] com.xiayu.course.CourseApplicationTests  : Starting CourseApplicationTests on 20160903-134321 with PID 20772 (started by hello in E:\code\course)
2019-07-02 16:49:28,210 [INFO ] com.xiayu.course.CourseApplicationTests  : No active profile set, falling back to default profiles: default
2019-07-02 16:49:29,553 [INFO ] org.springframework.data.repository.config.RepositoryConfigurationDelegate  : Bootstrapping Spring Data repositories in DEFAULT mode.
2019-07-02 16:49:29,711 [INFO ] org.springframework.data.repository.config.RepositoryConfigurationDelegate  : Finished Spring Data repository scanning in 148ms. Found 23 repository interfaces.
2019-07-02 16:49:30,122 [INFO ] org.springframework.context.support.PostProcessorRegistrationDelegate$BeanPostProcessorChecker  : Bean 'org.springframework.transaction.annotation.ProxyTransactionManagementConfiguration' of type [org.springframework.transaction.annotation.ProxyTransactionManagementConfiguration$$EnhancerBySpringCGLIB$$3a0c5475] is not eligible for getting processed by all BeanPostProcessors (for example: not eligible for auto-proxying)
2019-07-02 16:49:30,516 [INFO ] com.alibaba.druid.pool.DruidDataSource  : {dataSource-1} inited
2019-07-02 16:49:30,664 [INFO ] org.hibernate.jpa.internal.util.LogHelper  : HHH000204: Processing PersistenceUnitInfo [
	name: default
	...]
2019-07-02 16:49:30,745 [INFO ] org.hibernate.Version  : HHH000412: Hibernate Core {5.3.10.Final}
2019-07-02 16:49:30,750 [INFO ] org.hibernate.cfg.Environment  : HHH000206: hibernate.properties not found
2019-07-02 16:49:30,928 [INFO ] org.hibernate.annotations.common.Version  : HCANN000001: Hibernate Commons Annotations {5.0.4.Final}
2019-07-02 16:49:31,154 [INFO ] org.hibernate.dialect.Dialect  : HHH000400: Using dialect: org.hibernate.dialect.MySQL5Dialect
2019-07-02 16:49:31,183 [INFO ] org.hibernate.engine.jdbc.env.internal.LobCreatorBuilderImpl  : HHH000423: Disabling contextual LOB creation as JDBC driver reported JDBC version [3] less than 4
2019-07-02 16:49:32,248 [INFO ] org.springframework.orm.jpa.LocalContainerEntityManagerFactoryBean  : Initialized JPA EntityManagerFactory for persistence unit 'default'
2019-07-02 16:49:33,876 [INFO ] org.springframework.scheduling.concurrent.ThreadPoolTaskExecutor  : Initializing ExecutorService 'applicationTaskExecutor'
2019-07-02 16:49:34,378 [INFO ] com.xiayu.course.CourseApplicationTests  : Started CourseApplicationTests in 6.363 seconds (JVM running for 7.726)
2019-07-02 16:49:34,566 [INFO ] org.springframework.scheduling.concurrent.ThreadPoolTaskExecutor  : Shutting down ExecutorService 'applicationTaskExecutor'
2019-07-02 16:49:34,570 [INFO ] org.springframework.orm.jpa.LocalContainerEntityManagerFactoryBean  : Closing JPA EntityManagerFactory for persistence unit 'default'
2019-07-02 16:49:34,577 [INFO ] com.alibaba.druid.pool.DruidDataSource  : {dataSource-1} closed
2019-07-02 16:51:34,131 [INFO ] org.springframework.boot.test.context.SpringBootTestContextBootstrapper  : Neither @ContextConfiguration nor @ContextHierarchy found for test class [com.xiayu.course.CourseApplicationTests], using SpringBootContextLoader
2019-07-02 16:51:34,140 [INFO ] org.springframework.test.context.support.AbstractContextLoader  : Could not detect default resource locations for test class [com.xiayu.course.CourseApplicationTests]: no resource found for suffixes {-context.xml, Context.groovy}.
2019-07-02 16:51:34,141 [INFO ] org.springframework.test.context.support.AnnotationConfigContextLoaderUtils  : Could not detect default configuration classes for test class [com.xiayu.course.CourseApplicationTests]: CourseApplicationTests does not declare any static, non-private, non-final, nested classes annotated with @Configuration.
2019-07-02 16:51:34,243 [INFO ] org.springframework.boot.test.context.SpringBootTestContextBootstrapper  : Found @SpringBootConfiguration com.xiayu.XiaYuApplication for test class com.xiayu.course.CourseApplicationTests
2019-07-02 16:51:34,367 [INFO ] org.springframework.boot.test.context.SpringBootTestContextBootstrapper  : Loaded default TestExecutionListener class names from location [META-INF/spring.factories]: [org.springframework.boot.test.mock.mockito.MockitoTestExecutionListener, org.springframework.boot.test.mock.mockito.ResetMocksTestExecutionListener, org.springframework.boot.test.autoconfigure.restdocs.RestDocsTestExecutionListener, org.springframework.boot.test.autoconfigure.web.client.MockRestServiceServerResetTestExecutionListener, org.springframework.boot.test.autoconfigure.web.servlet.MockMvcPrintOnlyOnFailureTestExecutionListener, org.springframework.boot.test.autoconfigure.web.servlet.WebDriverTestExecutionListener, org.springframework.test.context.web.ServletTestExecutionListener, org.springframework.test.context.support.DirtiesContextBeforeModesTestExecutionListener, org.springframework.test.context.support.DependencyInjectionTestExecutionListener, org.springframework.test.context.support.DirtiesContextTestExecutionListener, org.springframework.test.context.transaction.TransactionalTestExecutionListener, org.springframework.test.context.jdbc.SqlScriptsTestExecutionListener]
2019-07-02 16:51:34,406 [INFO ] org.springframework.boot.test.context.SpringBootTestContextBootstrapper  : Using TestExecutionListeners: [org.springframework.test.context.web.ServletTestExecutionListener@221a3fa4, org.springframework.test.context.support.DirtiesContextBeforeModesTestExecutionListener@451001e5, org.springframework.boot.test.mock.mockito.MockitoTestExecutionListener@2b40ff9c, org.springframework.boot.test.autoconfigure.SpringBootDependencyInjectionTestExecutionListener@3e08ff24, org.springframework.test.context.support.DirtiesContextTestExecutionListener@4d1c005e, org.springframework.test.context.transaction.TransactionalTestExecutionListener@8462f31, org.springframework.test.context.jdbc.SqlScriptsTestExecutionListener@24569dba, org.springframework.boot.test.mock.mockito.ResetMocksTestExecutionListener@5ddeb7cb, org.springframework.boot.test.autoconfigure.restdocs.RestDocsTestExecutionListener@70ed52de, org.springframework.boot.test.autoconfigure.web.client.MockRestServiceServerResetTestExecutionListener@496bc455, org.springframework.boot.test.autoconfigure.web.servlet.MockMvcPrintOnlyOnFailureTestExecutionListener@59402b8f, org.springframework.boot.test.autoconfigure.web.servlet.WebDriverTestExecutionListener@7188af83]
2019-07-02 16:51:34,687 [INFO ] com.xiayu.course.CourseApplicationTests  : Starting CourseApplicationTests on 20160903-134321 with PID 19000 (started by hello in E:\code\course)
2019-07-02 16:51:34,688 [INFO ] com.xiayu.course.CourseApplicationTests  : No active profile set, falling back to default profiles: default
2019-07-02 16:51:36,064 [INFO ] org.springframework.data.repository.config.RepositoryConfigurationDelegate  : Bootstrapping Spring Data repositories in DEFAULT mode.
2019-07-02 16:51:36,201 [INFO ] org.springframework.data.repository.config.RepositoryConfigurationDelegate  : Finished Spring Data repository scanning in 127ms. Found 23 repository interfaces.
2019-07-02 16:51:36,586 [INFO ] org.springframework.context.support.PostProcessorRegistrationDelegate$BeanPostProcessorChecker  : Bean 'org.springframework.transaction.annotation.ProxyTransactionManagementConfiguration' of type [org.springframework.transaction.annotation.ProxyTransactionManagementConfiguration$$EnhancerBySpringCGLIB$$58d84393] is not eligible for getting processed by all BeanPostProcessors (for example: not eligible for auto-proxying)
2019-07-02 16:51:36,973 [INFO ] com.alibaba.druid.pool.DruidDataSource  : {dataSource-1} inited
2019-07-02 16:51:37,110 [INFO ] org.hibernate.jpa.internal.util.LogHelper  : HHH000204: Processing PersistenceUnitInfo [
	name: default
	...]
2019-07-02 16:51:37,186 [INFO ] org.hibernate.Version  : HHH000412: Hibernate Core {5.3.10.Final}
2019-07-02 16:51:37,188 [INFO ] org.hibernate.cfg.Environment  : HHH000206: hibernate.properties not found
2019-07-02 16:51:37,357 [INFO ] org.hibernate.annotations.common.Version  : HCANN000001: Hibernate Commons Annotations {5.0.4.Final}
2019-07-02 16:51:37,587 [INFO ] org.hibernate.dialect.Dialect  : HHH000400: Using dialect: org.hibernate.dialect.MySQL5Dialect
2019-07-02 16:51:37,620 [INFO ] org.hibernate.engine.jdbc.env.internal.LobCreatorBuilderImpl  : HHH000423: Disabling contextual LOB creation as JDBC driver reported JDBC version [3] less than 4
2019-07-02 16:51:38,723 [INFO ] org.springframework.orm.jpa.LocalContainerEntityManagerFactoryBean  : Initialized JPA EntityManagerFactory for persistence unit 'default'
2019-07-02 16:51:40,275 [INFO ] org.springframework.scheduling.concurrent.ThreadPoolTaskExecutor  : Initializing ExecutorService 'applicationTaskExecutor'
2019-07-02 16:51:40,736 [INFO ] com.xiayu.course.CourseApplicationTests  : Started CourseApplicationTests in 6.263 seconds (JVM running for 7.809)
2019-07-02 16:51:40,885 [INFO ] org.springframework.scheduling.concurrent.ThreadPoolTaskExecutor  : Shutting down ExecutorService 'applicationTaskExecutor'
2019-07-02 16:51:40,897 [INFO ] org.springframework.orm.jpa.LocalContainerEntityManagerFactoryBean  : Closing JPA EntityManagerFactory for persistence unit 'default'
2019-07-02 16:51:40,903 [INFO ] com.alibaba.druid.pool.DruidDataSource  : {dataSource-1} closed
2019-07-02 16:52:12,790 [INFO ] org.springframework.boot.test.context.SpringBootTestContextBootstrapper  : Neither @ContextConfiguration nor @ContextHierarchy found for test class [com.xiayu.course.CourseApplicationTests], using SpringBootContextLoader
2019-07-02 16:52:12,820 [INFO ] org.springframework.test.context.support.AbstractContextLoader  : Could not detect default resource locations for test class [com.xiayu.course.CourseApplicationTests]: no resource found for suffixes {-context.xml, Context.groovy}.
2019-07-02 16:52:12,822 [INFO ] org.springframework.test.context.support.AnnotationConfigContextLoaderUtils  : Could not detect default configuration classes for test class [com.xiayu.course.CourseApplicationTests]: CourseApplicationTests does not declare any static, non-private, non-final, nested classes annotated with @Configuration.
2019-07-02 16:52:13,001 [INFO ] org.springframework.boot.test.context.SpringBootTestContextBootstrapper  : Found @SpringBootConfiguration com.xiayu.XiaYuApplication for test class com.xiayu.course.CourseApplicationTests
2019-07-02 16:52:13,127 [INFO ] org.springframework.boot.test.context.SpringBootTestContextBootstrapper  : Loaded default TestExecutionListener class names from location [META-INF/spring.factories]: [org.springframework.boot.test.mock.mockito.MockitoTestExecutionListener, org.springframework.boot.test.mock.mockito.ResetMocksTestExecutionListener, org.springframework.boot.test.autoconfigure.restdocs.RestDocsTestExecutionListener, org.springframework.boot.test.autoconfigure.web.client.MockRestServiceServerResetTestExecutionListener, org.springframework.boot.test.autoconfigure.web.servlet.MockMvcPrintOnlyOnFailureTestExecutionListener, org.springframework.boot.test.autoconfigure.web.servlet.WebDriverTestExecutionListener, org.springframework.test.context.web.ServletTestExecutionListener, org.springframework.test.context.support.DirtiesContextBeforeModesTestExecutionListener, org.springframework.test.context.support.DependencyInjectionTestExecutionListener, org.springframework.test.context.support.DirtiesContextTestExecutionListener, org.springframework.test.context.transaction.TransactionalTestExecutionListener, org.springframework.test.context.jdbc.SqlScriptsTestExecutionListener]
2019-07-02 16:52:13,169 [INFO ] org.springframework.boot.test.context.SpringBootTestContextBootstrapper  : Using TestExecutionListeners: [org.springframework.test.context.web.ServletTestExecutionListener@221a3fa4, org.springframework.test.context.support.DirtiesContextBeforeModesTestExecutionListener@451001e5, org.springframework.boot.test.mock.mockito.MockitoTestExecutionListener@2b40ff9c, org.springframework.boot.test.autoconfigure.SpringBootDependencyInjectionTestExecutionListener@3e08ff24, org.springframework.test.context.support.DirtiesContextTestExecutionListener@4d1c005e, org.springframework.test.context.transaction.TransactionalTestExecutionListener@8462f31, org.springframework.test.context.jdbc.SqlScriptsTestExecutionListener@24569dba, org.springframework.boot.test.mock.mockito.ResetMocksTestExecutionListener@5ddeb7cb, org.springframework.boot.test.autoconfigure.restdocs.RestDocsTestExecutionListener@70ed52de, org.springframework.boot.test.autoconfigure.web.client.MockRestServiceServerResetTestExecutionListener@496bc455, org.springframework.boot.test.autoconfigure.web.servlet.MockMvcPrintOnlyOnFailureTestExecutionListener@59402b8f, org.springframework.boot.test.autoconfigure.web.servlet.WebDriverTestExecutionListener@7188af83]
2019-07-02 16:52:13,873 [INFO ] com.xiayu.course.CourseApplicationTests  : Starting CourseApplicationTests on 20160903-134321 with PID 19380 (started by hello in E:\code\course)
2019-07-02 16:52:13,874 [INFO ] com.xiayu.course.CourseApplicationTests  : No active profile set, falling back to default profiles: default
2019-07-02 16:52:15,327 [INFO ] org.springframework.data.repository.config.RepositoryConfigurationDelegate  : Bootstrapping Spring Data repositories in DEFAULT mode.
2019-07-02 16:52:15,598 [INFO ] org.springframework.data.repository.config.RepositoryConfigurationDelegate  : Finished Spring Data repository scanning in 258ms. Found 23 repository interfaces.
2019-07-02 16:52:16,162 [INFO ] org.springframework.context.support.PostProcessorRegistrationDelegate$BeanPostProcessorChecker  : Bean 'org.springframework.transaction.annotation.ProxyTransactionManagementConfiguration' of type [org.springframework.transaction.annotation.ProxyTransactionManagementConfiguration$$EnhancerBySpringCGLIB$$d531afb6] is not eligible for getting processed by all BeanPostProcessors (for example: not eligible for auto-proxying)
2019-07-02 16:52:16,705 [INFO ] com.alibaba.druid.pool.DruidDataSource  : {dataSource-1} inited
2019-07-02 16:52:17,019 [INFO ] org.hibernate.jpa.internal.util.LogHelper  : HHH000204: Processing PersistenceUnitInfo [
	name: default
	...]
2019-07-02 16:52:17,179 [INFO ] org.hibernate.Version  : HHH000412: Hibernate Core {5.3.10.Final}
2019-07-02 16:52:17,183 [INFO ] org.hibernate.cfg.Environment  : HHH000206: hibernate.properties not found
2019-07-02 16:52:17,412 [INFO ] org.hibernate.annotations.common.Version  : HCANN000001: Hibernate Commons Annotations {5.0.4.Final}
2019-07-02 16:52:17,759 [INFO ] org.hibernate.dialect.Dialect  : HHH000400: Using dialect: org.hibernate.dialect.MySQL5Dialect
2019-07-02 16:52:17,798 [INFO ] org.hibernate.engine.jdbc.env.internal.LobCreatorBuilderImpl  : HHH000423: Disabling contextual LOB creation as JDBC driver reported JDBC version [3] less than 4
2019-07-02 16:52:18,903 [INFO ] org.springframework.orm.jpa.LocalContainerEntityManagerFactoryBean  : Initialized JPA EntityManagerFactory for persistence unit 'default'
2019-07-02 16:52:20,429 [INFO ] org.springframework.scheduling.concurrent.ThreadPoolTaskExecutor  : Initializing ExecutorService 'applicationTaskExecutor'
2019-07-02 16:52:20,944 [INFO ] com.xiayu.course.CourseApplicationTests  : Started CourseApplicationTests in 7.68 seconds (JVM running for 9.234)
2019-07-02 16:52:21,112 [INFO ] org.springframework.scheduling.concurrent.ThreadPoolTaskExecutor  : Shutting down ExecutorService 'applicationTaskExecutor'
2019-07-02 16:52:21,118 [INFO ] org.springframework.orm.jpa.LocalContainerEntityManagerFactoryBean  : Closing JPA EntityManagerFactory for persistence unit 'default'
2019-07-02 16:52:21,124 [INFO ] com.alibaba.druid.pool.DruidDataSource  : {dataSource-1} closed
2019-07-02 16:53:05,885 [INFO ] org.springframework.boot.test.context.SpringBootTestContextBootstrapper  : Neither @ContextConfiguration nor @ContextHierarchy found for test class [com.xiayu.course.CourseApplicationTests], using SpringBootContextLoader
2019-07-02 16:53:05,898 [INFO ] org.springframework.test.context.support.AbstractContextLoader  : Could not detect default resource locations for test class [com.xiayu.course.CourseApplicationTests]: no resource found for suffixes {-context.xml, Context.groovy}.
2019-07-02 16:53:05,899 [INFO ] org.springframework.test.context.support.AnnotationConfigContextLoaderUtils  : Could not detect default configuration classes for test class [com.xiayu.course.CourseApplicationTests]: CourseApplicationTests does not declare any static, non-private, non-final, nested classes annotated with @Configuration.
2019-07-02 16:53:06,025 [INFO ] org.springframework.boot.test.context.SpringBootTestContextBootstrapper  : Found @SpringBootConfiguration com.xiayu.XiaYuApplication for test class com.xiayu.course.CourseApplicationTests
2019-07-02 16:53:06,130 [INFO ] org.springframework.boot.test.context.SpringBootTestContextBootstrapper  : Loaded default TestExecutionListener class names from location [META-INF/spring.factories]: [org.springframework.boot.test.mock.mockito.MockitoTestExecutionListener, org.springframework.boot.test.mock.mockito.ResetMocksTestExecutionListener, org.springframework.boot.test.autoconfigure.restdocs.RestDocsTestExecutionListener, org.springframework.boot.test.autoconfigure.web.client.MockRestServiceServerResetTestExecutionListener, org.springframework.boot.test.autoconfigure.web.servlet.MockMvcPrintOnlyOnFailureTestExecutionListener, org.springframework.boot.test.autoconfigure.web.servlet.WebDriverTestExecutionListener, org.springframework.test.context.web.ServletTestExecutionListener, org.springframework.test.context.support.DirtiesContextBeforeModesTestExecutionListener, org.springframework.test.context.support.DependencyInjectionTestExecutionListener, org.springframework.test.context.support.DirtiesContextTestExecutionListener, org.springframework.test.context.transaction.TransactionalTestExecutionListener, org.springframework.test.context.jdbc.SqlScriptsTestExecutionListener]
2019-07-02 16:53:06,164 [INFO ] org.springframework.boot.test.context.SpringBootTestContextBootstrapper  : Using TestExecutionListeners: [org.springframework.test.context.web.ServletTestExecutionListener@183ec003, org.springframework.test.context.support.DirtiesContextBeforeModesTestExecutionListener@7d9d0818, org.springframework.boot.test.mock.mockito.MockitoTestExecutionListener@221a3fa4, org.springframework.boot.test.autoconfigure.SpringBootDependencyInjectionTestExecutionListener@451001e5, org.springframework.test.context.support.DirtiesContextTestExecutionListener@2b40ff9c, org.springframework.test.context.transaction.TransactionalTestExecutionListener@3e08ff24, org.springframework.test.context.jdbc.SqlScriptsTestExecutionListener@4d1c005e, org.springframework.boot.test.mock.mockito.ResetMocksTestExecutionListener@8462f31, org.springframework.boot.test.autoconfigure.restdocs.RestDocsTestExecutionListener@24569dba, org.springframework.boot.test.autoconfigure.web.client.MockRestServiceServerResetTestExecutionListener@5ddeb7cb, org.springframework.boot.test.autoconfigure.web.servlet.MockMvcPrintOnlyOnFailureTestExecutionListener@70ed52de, org.springframework.boot.test.autoconfigure.web.servlet.WebDriverTestExecutionListener@496bc455]
2019-07-02 16:53:06,452 [INFO ] com.xiayu.course.CourseApplicationTests  : Starting CourseApplicationTests on 20160903-134321 with PID 17984 (started by hello in E:\code\course)
2019-07-02 16:53:06,452 [INFO ] com.xiayu.course.CourseApplicationTests  : No active profile set, falling back to default profiles: default
2019-07-02 16:53:07,282 [INFO ] org.springframework.data.repository.config.RepositoryConfigurationDelegate  : Bootstrapping Spring Data repositories in DEFAULT mode.
2019-07-02 16:53:07,444 [INFO ] org.springframework.data.repository.config.RepositoryConfigurationDelegate  : Finished Spring Data repository scanning in 150ms. Found 23 repository interfaces.
2019-07-02 16:53:07,838 [INFO ] org.springframework.context.support.PostProcessorRegistrationDelegate$BeanPostProcessorChecker  : Bean 'org.springframework.transaction.annotation.ProxyTransactionManagementConfiguration' of type [org.springframework.transaction.annotation.ProxyTransactionManagementConfiguration$$EnhancerBySpringCGLIB$$893c8a40] is not eligible for getting processed by all BeanPostProcessors (for example: not eligible for auto-proxying)
2019-07-02 16:53:08,229 [INFO ] com.alibaba.druid.pool.DruidDataSource  : {dataSource-1} inited
2019-07-02 16:53:08,366 [INFO ] org.hibernate.jpa.internal.util.LogHelper  : HHH000204: Processing PersistenceUnitInfo [
	name: default
	...]
2019-07-02 16:53:08,440 [INFO ] org.hibernate.Version  : HHH000412: Hibernate Core {5.3.10.Final}
2019-07-02 16:53:08,441 [INFO ] org.hibernate.cfg.Environment  : HHH000206: hibernate.properties not found
2019-07-02 16:53:08,603 [INFO ] org.hibernate.annotations.common.Version  : HCANN000001: Hibernate Commons Annotations {5.0.4.Final}
2019-07-02 16:53:08,840 [INFO ] org.hibernate.dialect.Dialect  : HHH000400: Using dialect: org.hibernate.dialect.MySQL5Dialect
2019-07-02 16:53:08,872 [INFO ] org.hibernate.engine.jdbc.env.internal.LobCreatorBuilderImpl  : HHH000423: Disabling contextual LOB creation as JDBC driver reported JDBC version [3] less than 4
2019-07-02 16:53:09,899 [INFO ] org.springframework.orm.jpa.LocalContainerEntityManagerFactoryBean  : Initialized JPA EntityManagerFactory for persistence unit 'default'
2019-07-02 16:53:11,414 [INFO ] org.springframework.scheduling.concurrent.ThreadPoolTaskExecutor  : Initializing ExecutorService 'applicationTaskExecutor'
2019-07-02 16:53:11,931 [INFO ] com.xiayu.course.CourseApplicationTests  : Started CourseApplicationTests in 5.677 seconds (JVM running for 7.201)
2019-07-02 16:53:12,110 [INFO ] org.springframework.scheduling.concurrent.ThreadPoolTaskExecutor  : Shutting down ExecutorService 'applicationTaskExecutor'
2019-07-02 16:53:12,115 [INFO ] org.springframework.orm.jpa.LocalContainerEntityManagerFactoryBean  : Closing JPA EntityManagerFactory for persistence unit 'default'
2019-07-02 16:53:12,120 [INFO ] com.alibaba.druid.pool.DruidDataSource  : {dataSource-1} closed
2019-07-02 16:54:34,165 [INFO ] org.springframework.boot.test.context.SpringBootTestContextBootstrapper  : Neither @ContextConfiguration nor @ContextHierarchy found for test class [com.xiayu.course.CourseApplicationTests], using SpringBootContextLoader
2019-07-02 16:54:34,174 [INFO ] org.springframework.test.context.support.AbstractContextLoader  : Could not detect default resource locations for test class [com.xiayu.course.CourseApplicationTests]: no resource found for suffixes {-context.xml, Context.groovy}.
2019-07-02 16:54:34,175 [INFO ] org.springframework.test.context.support.AnnotationConfigContextLoaderUtils  : Could not detect default configuration classes for test class [com.xiayu.course.CourseApplicationTests]: CourseApplicationTests does not declare any static, non-private, non-final, nested classes annotated with @Configuration.
2019-07-02 16:54:34,346 [INFO ] org.springframework.boot.test.context.SpringBootTestContextBootstrapper  : Found @SpringBootConfiguration com.xiayu.XiaYuApplication for test class com.xiayu.course.CourseApplicationTests
2019-07-02 16:54:34,447 [INFO ] org.springframework.boot.test.context.SpringBootTestContextBootstrapper  : Loaded default TestExecutionListener class names from location [META-INF/spring.factories]: [org.springframework.boot.test.mock.mockito.MockitoTestExecutionListener, org.springframework.boot.test.mock.mockito.ResetMocksTestExecutionListener, org.springframework.boot.test.autoconfigure.restdocs.RestDocsTestExecutionListener, org.springframework.boot.test.autoconfigure.web.client.MockRestServiceServerResetTestExecutionListener, org.springframework.boot.test.autoconfigure.web.servlet.MockMvcPrintOnlyOnFailureTestExecutionListener, org.springframework.boot.test.autoconfigure.web.servlet.WebDriverTestExecutionListener, org.springframework.test.context.web.ServletTestExecutionListener, org.springframework.test.context.support.DirtiesContextBeforeModesTestExecutionListener, org.springframework.test.context.support.DependencyInjectionTestExecutionListener, org.springframework.test.context.support.DirtiesContextTestExecutionListener, org.springframework.test.context.transaction.TransactionalTestExecutionListener, org.springframework.test.context.jdbc.SqlScriptsTestExecutionListener]
2019-07-02 16:54:34,481 [INFO ] org.springframework.boot.test.context.SpringBootTestContextBootstrapper  : Using TestExecutionListeners: [org.springframework.test.context.web.ServletTestExecutionListener@221a3fa4, org.springframework.test.context.support.DirtiesContextBeforeModesTestExecutionListener@451001e5, org.springframework.boot.test.mock.mockito.MockitoTestExecutionListener@2b40ff9c, org.springframework.boot.test.autoconfigure.SpringBootDependencyInjectionTestExecutionListener@3e08ff24, org.springframework.test.context.support.DirtiesContextTestExecutionListener@4d1c005e, org.springframework.test.context.transaction.TransactionalTestExecutionListener@8462f31, org.springframework.test.context.jdbc.SqlScriptsTestExecutionListener@24569dba, org.springframework.boot.test.mock.mockito.ResetMocksTestExecutionListener@5ddeb7cb, org.springframework.boot.test.autoconfigure.restdocs.RestDocsTestExecutionListener@70ed52de, org.springframework.boot.test.autoconfigure.web.client.MockRestServiceServerResetTestExecutionListener@496bc455, org.springframework.boot.test.autoconfigure.web.servlet.MockMvcPrintOnlyOnFailureTestExecutionListener@59402b8f, org.springframework.boot.test.autoconfigure.web.servlet.WebDriverTestExecutionListener@7188af83]
2019-07-02 16:54:34,752 [INFO ] com.xiayu.course.CourseApplicationTests  : Starting CourseApplicationTests on 20160903-134321 with PID 13984 (started by hello in E:\code\course)
2019-07-02 16:54:34,752 [INFO ] com.xiayu.course.CourseApplicationTests  : No active profile set, falling back to default profiles: default
2019-07-02 16:54:35,670 [INFO ] org.springframework.data.repository.config.RepositoryConfigurationDelegate  : Bootstrapping Spring Data repositories in DEFAULT mode.
2019-07-02 16:54:35,887 [INFO ] org.springframework.data.repository.config.RepositoryConfigurationDelegate  : Finished Spring Data repository scanning in 199ms. Found 23 repository interfaces.
2019-07-02 16:54:36,338 [INFO ] org.springframework.context.support.PostProcessorRegistrationDelegate$BeanPostProcessorChecker  : Bean 'org.springframework.transaction.annotation.ProxyTransactionManagementConfiguration' of type [org.springframework.transaction.annotation.ProxyTransactionManagementConfiguration$$EnhancerBySpringCGLIB$$b470a151] is not eligible for getting processed by all BeanPostProcessors (for example: not eligible for auto-proxying)
2019-07-02 16:54:36,802 [INFO ] com.alibaba.druid.pool.DruidDataSource  : {dataSource-1} inited
2019-07-02 16:54:36,952 [INFO ] org.hibernate.jpa.internal.util.LogHelper  : HHH000204: Processing PersistenceUnitInfo [
	name: default
	...]
2019-07-02 16:54:37,032 [INFO ] org.hibernate.Version  : HHH000412: Hibernate Core {5.3.10.Final}
2019-07-02 16:54:37,035 [INFO ] org.hibernate.cfg.Environment  : HHH000206: hibernate.properties not found
2019-07-02 16:54:37,203 [INFO ] org.hibernate.annotations.common.Version  : HCANN000001: Hibernate Commons Annotations {5.0.4.Final}
2019-07-02 16:54:37,479 [INFO ] org.hibernate.dialect.Dialect  : HHH000400: Using dialect: org.hibernate.dialect.MySQL5Dialect
2019-07-02 16:54:37,526 [INFO ] org.hibernate.engine.jdbc.env.internal.LobCreatorBuilderImpl  : HHH000423: Disabling contextual LOB creation as JDBC driver reported JDBC version [3] less than 4
2019-07-02 16:54:38,761 [INFO ] org.springframework.orm.jpa.LocalContainerEntityManagerFactoryBean  : Initialized JPA EntityManagerFactory for persistence unit 'default'
2019-07-02 16:54:40,657 [INFO ] org.springframework.scheduling.concurrent.ThreadPoolTaskExecutor  : Initializing ExecutorService 'applicationTaskExecutor'
2019-07-02 16:54:41,394 [INFO ] com.xiayu.course.CourseApplicationTests  : Started CourseApplicationTests in 6.835 seconds (JVM running for 8.321)
2019-07-02 16:54:41,623 [INFO ] org.springframework.scheduling.concurrent.ThreadPoolTaskExecutor  : Shutting down ExecutorService 'applicationTaskExecutor'
2019-07-02 16:54:41,628 [INFO ] org.springframework.orm.jpa.LocalContainerEntityManagerFactoryBean  : Closing JPA EntityManagerFactory for persistence unit 'default'
2019-07-02 16:54:41,636 [INFO ] com.alibaba.druid.pool.DruidDataSource  : {dataSource-1} closed
2019-07-02 16:55:51,948 [INFO ] org.springframework.boot.test.context.SpringBootTestContextBootstrapper  : Neither @ContextConfiguration nor @ContextHierarchy found for test class [com.xiayu.course.CourseApplicationTests], using SpringBootContextLoader
2019-07-02 16:55:51,959 [INFO ] org.springframework.test.context.support.AbstractContextLoader  : Could not detect default resource locations for test class [com.xiayu.course.CourseApplicationTests]: no resource found for suffixes {-context.xml, Context.groovy}.
2019-07-02 16:55:51,960 [INFO ] org.springframework.test.context.support.AnnotationConfigContextLoaderUtils  : Could not detect default configuration classes for test class [com.xiayu.course.CourseApplicationTests]: CourseApplicationTests does not declare any static, non-private, non-final, nested classes annotated with @Configuration.
2019-07-02 16:55:52,102 [INFO ] org.springframework.boot.test.context.SpringBootTestContextBootstrapper  : Found @SpringBootConfiguration com.xiayu.XiaYuApplication for test class com.xiayu.course.CourseApplicationTests
2019-07-02 16:55:52,205 [INFO ] org.springframework.boot.test.context.SpringBootTestContextBootstrapper  : Loaded default TestExecutionListener class names from location [META-INF/spring.factories]: [org.springframework.boot.test.mock.mockito.MockitoTestExecutionListener, org.springframework.boot.test.mock.mockito.ResetMocksTestExecutionListener, org.springframework.boot.test.autoconfigure.restdocs.RestDocsTestExecutionListener, org.springframework.boot.test.autoconfigure.web.client.MockRestServiceServerResetTestExecutionListener, org.springframework.boot.test.autoconfigure.web.servlet.MockMvcPrintOnlyOnFailureTestExecutionListener, org.springframework.boot.test.autoconfigure.web.servlet.WebDriverTestExecutionListener, org.springframework.test.context.web.ServletTestExecutionListener, org.springframework.test.context.support.DirtiesContextBeforeModesTestExecutionListener, org.springframework.test.context.support.DependencyInjectionTestExecutionListener, org.springframework.test.context.support.DirtiesContextTestExecutionListener, org.springframework.test.context.transaction.TransactionalTestExecutionListener, org.springframework.test.context.jdbc.SqlScriptsTestExecutionListener]
2019-07-02 16:55:52,256 [INFO ] org.springframework.boot.test.context.SpringBootTestContextBootstrapper  : Using TestExecutionListeners: [org.springframework.test.context.web.ServletTestExecutionListener@221a3fa4, org.springframework.test.context.support.DirtiesContextBeforeModesTestExecutionListener@451001e5, org.springframework.boot.test.mock.mockito.MockitoTestExecutionListener@2b40ff9c, org.springframework.boot.test.autoconfigure.SpringBootDependencyInjectionTestExecutionListener@3e08ff24, org.springframework.test.context.support.DirtiesContextTestExecutionListener@4d1c005e, org.springframework.test.context.transaction.TransactionalTestExecutionListener@8462f31, org.springframework.test.context.jdbc.SqlScriptsTestExecutionListener@24569dba, org.springframework.boot.test.mock.mockito.ResetMocksTestExecutionListener@5ddeb7cb, org.springframework.boot.test.autoconfigure.restdocs.RestDocsTestExecutionListener@70ed52de, org.springframework.boot.test.autoconfigure.web.client.MockRestServiceServerResetTestExecutionListener@496bc455, org.springframework.boot.test.autoconfigure.web.servlet.MockMvcPrintOnlyOnFailureTestExecutionListener@59402b8f, org.springframework.boot.test.autoconfigure.web.servlet.WebDriverTestExecutionListener@7188af83]
2019-07-02 16:55:52,512 [INFO ] com.xiayu.course.CourseApplicationTests  : Starting CourseApplicationTests on 20160903-134321 with PID 1496 (started by hello in E:\code\course)
2019-07-02 16:55:52,512 [INFO ] com.xiayu.course.CourseApplicationTests  : No active profile set, falling back to default profiles: default
2019-07-02 16:55:53,306 [INFO ] org.springframework.data.repository.config.RepositoryConfigurationDelegate  : Bootstrapping Spring Data repositories in DEFAULT mode.
2019-07-02 16:55:53,477 [INFO ] org.springframework.data.repository.config.RepositoryConfigurationDelegate  : Finished Spring Data repository scanning in 163ms. Found 23 repository interfaces.
2019-07-02 16:55:53,931 [INFO ] org.springframework.context.support.PostProcessorRegistrationDelegate$BeanPostProcessorChecker  : Bean 'org.springframework.transaction.annotation.ProxyTransactionManagementConfiguration' of type [org.springframework.transaction.annotation.ProxyTransactionManagementConfiguration$$EnhancerBySpringCGLIB$$af5907fe] is not eligible for getting processed by all BeanPostProcessors (for example: not eligible for auto-proxying)
2019-07-02 16:55:54,350 [INFO ] com.alibaba.druid.pool.DruidDataSource  : {dataSource-1} inited
2019-07-02 16:55:54,489 [INFO ] org.hibernate.jpa.internal.util.LogHelper  : HHH000204: Processing PersistenceUnitInfo [
	name: default
	...]
2019-07-02 16:55:54,570 [INFO ] org.hibernate.Version  : HHH000412: Hibernate Core {5.3.10.Final}
2019-07-02 16:55:54,571 [INFO ] org.hibernate.cfg.Environment  : HHH000206: hibernate.properties not found
2019-07-02 16:55:54,744 [INFO ] org.hibernate.annotations.common.Version  : HCANN000001: Hibernate Commons Annotations {5.0.4.Final}
2019-07-02 16:55:54,980 [INFO ] org.hibernate.dialect.Dialect  : HHH000400: Using dialect: org.hibernate.dialect.MySQL5Dialect
2019-07-02 16:55:55,012 [INFO ] org.hibernate.engine.jdbc.env.internal.LobCreatorBuilderImpl  : HHH000423: Disabling contextual LOB creation as JDBC driver reported JDBC version [3] less than 4
2019-07-02 16:55:56,044 [INFO ] org.springframework.orm.jpa.LocalContainerEntityManagerFactoryBean  : Initialized JPA EntityManagerFactory for persistence unit 'default'
2019-07-02 16:55:57,552 [INFO ] org.springframework.scheduling.concurrent.ThreadPoolTaskExecutor  : Initializing ExecutorService 'applicationTaskExecutor'
2019-07-02 16:55:58,040 [INFO ] com.xiayu.course.CourseApplicationTests  : Started CourseApplicationTests in 5.709 seconds (JVM running for 7.193)
2019-07-02 16:55:58,192 [INFO ] org.springframework.scheduling.concurrent.ThreadPoolTaskExecutor  : Shutting down ExecutorService 'applicationTaskExecutor'
2019-07-02 16:55:58,199 [INFO ] org.springframework.orm.jpa.LocalContainerEntityManagerFactoryBean  : Closing JPA EntityManagerFactory for persistence unit 'default'
2019-07-02 16:55:58,204 [INFO ] com.alibaba.druid.pool.DruidDataSource  : {dataSource-1} closed
2019-07-02 16:56:30,592 [INFO ] org.springframework.boot.test.context.SpringBootTestContextBootstrapper  : Neither @ContextConfiguration nor @ContextHierarchy found for test class [com.xiayu.course.CourseApplicationTests], using SpringBootContextLoader
2019-07-02 16:56:30,602 [INFO ] org.springframework.test.context.support.AbstractContextLoader  : Could not detect default resource locations for test class [com.xiayu.course.CourseApplicationTests]: no resource found for suffixes {-context.xml, Context.groovy}.
2019-07-02 16:56:30,603 [INFO ] org.springframework.test.context.support.AnnotationConfigContextLoaderUtils  : Could not detect default configuration classes for test class [com.xiayu.course.CourseApplicationTests]: CourseApplicationTests does not declare any static, non-private, non-final, nested classes annotated with @Configuration.
2019-07-02 16:56:30,715 [INFO ] org.springframework.boot.test.context.SpringBootTestContextBootstrapper  : Found @SpringBootConfiguration com.xiayu.XiaYuApplication for test class com.xiayu.course.CourseApplicationTests
2019-07-02 16:56:30,845 [INFO ] org.springframework.boot.test.context.SpringBootTestContextBootstrapper  : Loaded default TestExecutionListener class names from location [META-INF/spring.factories]: [org.springframework.boot.test.mock.mockito.MockitoTestExecutionListener, org.springframework.boot.test.mock.mockito.ResetMocksTestExecutionListener, org.springframework.boot.test.autoconfigure.restdocs.RestDocsTestExecutionListener, org.springframework.boot.test.autoconfigure.web.client.MockRestServiceServerResetTestExecutionListener, org.springframework.boot.test.autoconfigure.web.servlet.MockMvcPrintOnlyOnFailureTestExecutionListener, org.springframework.boot.test.autoconfigure.web.servlet.WebDriverTestExecutionListener, org.springframework.test.context.web.ServletTestExecutionListener, org.springframework.test.context.support.DirtiesContextBeforeModesTestExecutionListener, org.springframework.test.context.support.DependencyInjectionTestExecutionListener, org.springframework.test.context.support.DirtiesContextTestExecutionListener, org.springframework.test.context.transaction.TransactionalTestExecutionListener, org.springframework.test.context.jdbc.SqlScriptsTestExecutionListener]
2019-07-02 16:56:30,876 [INFO ] org.springframework.boot.test.context.SpringBootTestContextBootstrapper  : Using TestExecutionListeners: [org.springframework.test.context.web.ServletTestExecutionListener@221a3fa4, org.springframework.test.context.support.DirtiesContextBeforeModesTestExecutionListener@451001e5, org.springframework.boot.test.mock.mockito.MockitoTestExecutionListener@2b40ff9c, org.springframework.boot.test.autoconfigure.SpringBootDependencyInjectionTestExecutionListener@3e08ff24, org.springframework.test.context.support.DirtiesContextTestExecutionListener@4d1c005e, org.springframework.test.context.transaction.TransactionalTestExecutionListener@8462f31, org.springframework.test.context.jdbc.SqlScriptsTestExecutionListener@24569dba, org.springframework.boot.test.mock.mockito.ResetMocksTestExecutionListener@5ddeb7cb, org.springframework.boot.test.autoconfigure.restdocs.RestDocsTestExecutionListener@70ed52de, org.springframework.boot.test.autoconfigure.web.client.MockRestServiceServerResetTestExecutionListener@496bc455, org.springframework.boot.test.autoconfigure.web.servlet.MockMvcPrintOnlyOnFailureTestExecutionListener@59402b8f, org.springframework.boot.test.autoconfigure.web.servlet.WebDriverTestExecutionListener@7188af83]
2019-07-02 16:56:31,148 [INFO ] com.xiayu.course.CourseApplicationTests  : Starting CourseApplicationTests on 20160903-134321 with PID 5596 (started by hello in E:\code\course)
2019-07-02 16:56:31,149 [INFO ] com.xiayu.course.CourseApplicationTests  : No active profile set, falling back to default profiles: default
2019-07-02 16:56:32,616 [INFO ] org.springframework.data.repository.config.RepositoryConfigurationDelegate  : Bootstrapping Spring Data repositories in DEFAULT mode.
2019-07-02 16:56:32,781 [INFO ] org.springframework.data.repository.config.RepositoryConfigurationDelegate  : Finished Spring Data repository scanning in 154ms. Found 23 repository interfaces.
2019-07-02 16:56:33,174 [INFO ] org.springframework.context.support.PostProcessorRegistrationDelegate$BeanPostProcessorChecker  : Bean 'org.springframework.transaction.annotation.ProxyTransactionManagementConfiguration' of type [org.springframework.transaction.annotation.ProxyTransactionManagementConfiguration$$EnhancerBySpringCGLIB$$75f00ed5] is not eligible for getting processed by all BeanPostProcessors (for example: not eligible for auto-proxying)
2019-07-02 16:56:33,572 [INFO ] com.alibaba.druid.pool.DruidDataSource  : {dataSource-1} inited
2019-07-02 16:56:33,714 [INFO ] org.hibernate.jpa.internal.util.LogHelper  : HHH000204: Processing PersistenceUnitInfo [
	name: default
	...]
2019-07-02 16:56:33,808 [INFO ] org.hibernate.Version  : HHH000412: Hibernate Core {5.3.10.Final}
2019-07-02 16:56:33,811 [INFO ] org.hibernate.cfg.Environment  : HHH000206: hibernate.properties not found
2019-07-02 16:56:33,998 [INFO ] org.hibernate.annotations.common.Version  : HCANN000001: Hibernate Commons Annotations {5.0.4.Final}
2019-07-02 16:56:34,228 [INFO ] org.hibernate.dialect.Dialect  : HHH000400: Using dialect: org.hibernate.dialect.MySQL5Dialect
2019-07-02 16:56:34,267 [INFO ] org.hibernate.engine.jdbc.env.internal.LobCreatorBuilderImpl  : HHH000423: Disabling contextual LOB creation as JDBC driver reported JDBC version [3] less than 4
2019-07-02 16:56:35,315 [INFO ] org.springframework.orm.jpa.LocalContainerEntityManagerFactoryBean  : Initialized JPA EntityManagerFactory for persistence unit 'default'
2019-07-02 16:56:36,858 [INFO ] org.springframework.scheduling.concurrent.ThreadPoolTaskExecutor  : Initializing ExecutorService 'applicationTaskExecutor'
2019-07-02 16:56:37,378 [INFO ] com.xiayu.course.CourseApplicationTests  : Started CourseApplicationTests in 6.441 seconds (JVM running for 7.737)
2019-07-02 16:56:37,534 [INFO ] com.xiayu.course.CourseApplicationTests  : end !!!
2019-07-02 16:56:37,541 [INFO ] org.springframework.scheduling.concurrent.ThreadPoolTaskExecutor  : Shutting down ExecutorService 'applicationTaskExecutor'
2019-07-02 16:56:37,545 [INFO ] org.springframework.orm.jpa.LocalContainerEntityManagerFactoryBean  : Closing JPA EntityManagerFactory for persistence unit 'default'
2019-07-02 16:56:37,551 [INFO ] com.alibaba.druid.pool.DruidDataSource  : {dataSource-1} closed
2019-07-02 17:03:31,637 [INFO ] org.springframework.boot.test.context.SpringBootTestContextBootstrapper  : Neither @ContextConfiguration nor @ContextHierarchy found for test class [com.xiayu.course.CourseApplicationTests], using SpringBootContextLoader
2019-07-02 17:03:31,645 [INFO ] org.springframework.test.context.support.AbstractContextLoader  : Could not detect default resource locations for test class [com.xiayu.course.CourseApplicationTests]: no resource found for suffixes {-context.xml, Context.groovy}.
2019-07-02 17:03:31,646 [INFO ] org.springframework.test.context.support.AnnotationConfigContextLoaderUtils  : Could not detect default configuration classes for test class [com.xiayu.course.CourseApplicationTests]: CourseApplicationTests does not declare any static, non-private, non-final, nested classes annotated with @Configuration.
2019-07-02 17:03:31,751 [INFO ] org.springframework.boot.test.context.SpringBootTestContextBootstrapper  : Found @SpringBootConfiguration com.xiayu.XiaYuApplication for test class com.xiayu.course.CourseApplicationTests
2019-07-02 17:03:31,872 [INFO ] org.springframework.boot.test.context.SpringBootTestContextBootstrapper  : Loaded default TestExecutionListener class names from location [META-INF/spring.factories]: [org.springframework.boot.test.mock.mockito.MockitoTestExecutionListener, org.springframework.boot.test.mock.mockito.ResetMocksTestExecutionListener, org.springframework.boot.test.autoconfigure.restdocs.RestDocsTestExecutionListener, org.springframework.boot.test.autoconfigure.web.client.MockRestServiceServerResetTestExecutionListener, org.springframework.boot.test.autoconfigure.web.servlet.MockMvcPrintOnlyOnFailureTestExecutionListener, org.springframework.boot.test.autoconfigure.web.servlet.WebDriverTestExecutionListener, org.springframework.test.context.web.ServletTestExecutionListener, org.springframework.test.context.support.DirtiesContextBeforeModesTestExecutionListener, org.springframework.test.context.support.DependencyInjectionTestExecutionListener, org.springframework.test.context.support.DirtiesContextTestExecutionListener, org.springframework.test.context.transaction.TransactionalTestExecutionListener, org.springframework.test.context.jdbc.SqlScriptsTestExecutionListener]
2019-07-02 17:03:31,913 [INFO ] org.springframework.boot.test.context.SpringBootTestContextBootstrapper  : Using TestExecutionListeners: [org.springframework.test.context.web.ServletTestExecutionListener@221a3fa4, org.springframework.test.context.support.DirtiesContextBeforeModesTestExecutionListener@451001e5, org.springframework.boot.test.mock.mockito.MockitoTestExecutionListener@2b40ff9c, org.springframework.boot.test.autoconfigure.SpringBootDependencyInjectionTestExecutionListener@3e08ff24, org.springframework.test.context.support.DirtiesContextTestExecutionListener@4d1c005e, org.springframework.test.context.transaction.TransactionalTestExecutionListener@8462f31, org.springframework.test.context.jdbc.SqlScriptsTestExecutionListener@24569dba, org.springframework.boot.test.mock.mockito.ResetMocksTestExecutionListener@5ddeb7cb, org.springframework.boot.test.autoconfigure.restdocs.RestDocsTestExecutionListener@70ed52de, org.springframework.boot.test.autoconfigure.web.client.MockRestServiceServerResetTestExecutionListener@496bc455, org.springframework.boot.test.autoconfigure.web.servlet.MockMvcPrintOnlyOnFailureTestExecutionListener@59402b8f, org.springframework.boot.test.autoconfigure.web.servlet.WebDriverTestExecutionListener@7188af83]
2019-07-02 17:03:32,169 [INFO ] com.xiayu.course.CourseApplicationTests  : Starting CourseApplicationTests on 20160903-134321 with PID 9152 (started by hello in E:\code\course)
2019-07-02 17:03:32,170 [INFO ] com.xiayu.course.CourseApplicationTests  : No active profile set, falling back to default profiles: default
2019-07-02 17:03:33,466 [INFO ] org.springframework.data.repository.config.RepositoryConfigurationDelegate  : Bootstrapping Spring Data repositories in DEFAULT mode.
2019-07-02 17:03:33,638 [INFO ] org.springframework.data.repository.config.RepositoryConfigurationDelegate  : Finished Spring Data repository scanning in 162ms. Found 23 repository interfaces.
2019-07-02 17:03:34,067 [INFO ] org.springframework.context.support.PostProcessorRegistrationDelegate$BeanPostProcessorChecker  : Bean 'org.springframework.transaction.annotation.ProxyTransactionManagementConfiguration' of type [org.springframework.transaction.annotation.ProxyTransactionManagementConfiguration$$EnhancerBySpringCGLIB$$8b17d4b2] is not eligible for getting processed by all BeanPostProcessors (for example: not eligible for auto-proxying)
2019-07-02 17:03:34,457 [INFO ] com.alibaba.druid.pool.DruidDataSource  : {dataSource-1} inited
2019-07-02 17:03:34,606 [INFO ] org.hibernate.jpa.internal.util.LogHelper  : HHH000204: Processing PersistenceUnitInfo [
	name: default
	...]
2019-07-02 17:03:34,691 [INFO ] org.hibernate.Version  : HHH000412: Hibernate Core {5.3.10.Final}
2019-07-02 17:03:34,693 [INFO ] org.hibernate.cfg.Environment  : HHH000206: hibernate.properties not found
2019-07-02 17:03:34,867 [INFO ] org.hibernate.annotations.common.Version  : HCANN000001: Hibernate Commons Annotations {5.0.4.Final}
2019-07-02 17:03:35,089 [INFO ] org.hibernate.dialect.Dialect  : HHH000400: Using dialect: org.hibernate.dialect.MySQL5Dialect
2019-07-02 17:03:35,118 [INFO ] org.hibernate.engine.jdbc.env.internal.LobCreatorBuilderImpl  : HHH000423: Disabling contextual LOB creation as JDBC driver reported JDBC version [3] less than 4
2019-07-02 17:03:36,151 [INFO ] org.springframework.orm.jpa.LocalContainerEntityManagerFactoryBean  : Initialized JPA EntityManagerFactory for persistence unit 'default'
2019-07-02 17:03:37,626 [INFO ] org.springframework.scheduling.concurrent.ThreadPoolTaskExecutor  : Initializing ExecutorService 'applicationTaskExecutor'
2019-07-02 17:03:38,136 [INFO ] com.xiayu.course.CourseApplicationTests  : Started CourseApplicationTests in 6.165 seconds (JVM running for 7.443)
2019-07-02 17:03:38,279 [INFO ] com.xiayu.course.CourseApplicationTests  : end !!!
2019-07-02 17:03:38,286 [INFO ] org.springframework.scheduling.concurrent.ThreadPoolTaskExecutor  : Shutting down ExecutorService 'applicationTaskExecutor'
2019-07-02 17:03:38,290 [INFO ] org.springframework.orm.jpa.LocalContainerEntityManagerFactoryBean  : Closing JPA EntityManagerFactory for persistence unit 'default'
2019-07-02 17:03:38,297 [INFO ] com.alibaba.druid.pool.DruidDataSource  : {dataSource-1} closed
